2023-11-30 18:43:23,773 [INFO] Activator:177 - 


2023-11-30 18:43:23,774 [INFO] Activator:178 - !SESSION log4j initialized
2023-11-30 18:43:26,668 [INFO] McuFinderGlobals:39 - Set McuFinder mode to 2 (CubeIDE integrated)
2023-11-30 18:43:27,499 [INFO] ApplicationProperties:181 - Using Application install path: C:\ST\STM32CubeIDE_1.7.0\STM32CubeIDE\plugins\com.st.stm32cube.common.mx_6.3.0.202107141111
2023-11-30 18:43:27,508 [INFO] DbMcusXml:74 - Set database path to: C:\ST\STM32CubeIDE_1.7.0\STM32CubeIDE\plugins\com.st.stm32cube.common.mx_6.3.0.202107141111\\db\/mcu/
2023-11-30 18:43:27,511 [INFO] DbBoardsPdsc:56 - Set plugin database path to: C:\ST\STM32CubeIDE_1.7.0\STM32CubeIDE\plugins\com.st.stm32cube.common.mx_6.3.0.202107141111\\db\/plugins/boardmanager/
2023-11-30 18:43:27,512 [INFO] DbMcus:258 - Set plugin images path to: C:\ST\STM32CubeIDE_1.7.0\STM32CubeIDE\plugins\com.st.stm32cube.common.mx_6.3.0.202107141111\\db\/plugins/mcufinder/images/
2023-11-30 18:43:27,513 [INFO] DbBoards:264 - Set plugin images path to: C:\ST\STM32CubeIDE_1.7.0\STM32CubeIDE\plugins\com.st.stm32cube.common.mx_6.3.0.202107141111\\db\/plugins/mcufinder/images/
2023-11-30 18:43:27,515 [INFO] DbExamples:333 - Set plugin images path to: C:\ST\STM32CubeIDE_1.7.0\STM32CubeIDE\plugins\com.st.stm32cube.common.mx_6.3.0.202107141111\\db\/plugins/mcufinder/images/
2023-11-30 18:43:27,518 [INFO] DbMcusAds:119 - Set database path to: C:\Users\nguye\.stmcufinder\plugins\mcufinder//mcu/
2023-11-30 18:43:27,519 [INFO] DbMcusDocs:110 - Set database path to: C:\Users\nguye\.stmcufinder\plugins\mcufinder//mcu/
2023-11-30 18:43:27,521 [INFO] DbMcusJson:64 - Set database path to: C:\Users\nguye\.stmcufinder\plugins\mcufinder//mcu/
2023-11-30 18:43:27,522 [INFO] DbBoardsDocs:110 - Set database path to: C:\Users\nguye\.stmcufinder\plugins\mcufinder//mcu/
2023-11-30 18:43:27,523 [INFO] DbBoardsJson:57 - Set database path to: C:\Users\nguye\.stmcufinder\plugins\mcufinder//mcu/
2023-11-30 18:43:27,524 [INFO] CrossReferenceDbSqlite:196 - Set database path to: C:\Users\nguye\.stmcufinder\plugins\mcufinder//mcu/cs/
2023-11-30 18:43:27,528 [INFO] DbExamplesSqlite:767 - Set database path to: C:\Users\nguye\.stmcufinder\plugins\mcufinder//mcu/
2023-11-30 18:43:27,608 [INFO] RulesReader:57 - Compatibility file has been processed (242 Rules)
2023-11-30 18:43:27,682 [INFO] DbMcusXml:74 - Set database path to: C:\ST\STM32CubeIDE_1.7.0\STM32CubeIDE\plugins\com.st.stm32cube.common.mx_6.3.0.202107141111\\db\/mcu/
2023-11-30 18:43:27,683 [INFO] DbBoardsPdsc:56 - Set plugin database path to: C:\ST\STM32CubeIDE_1.7.0\STM32CubeIDE\plugins\com.st.stm32cube.common.mx_6.3.0.202107141111\\db\/plugins/boardmanager/
2023-11-30 18:43:27,684 [INFO] DbMcus:258 - Set plugin images path to: C:\ST\STM32CubeIDE_1.7.0\STM32CubeIDE\plugins\com.st.stm32cube.common.mx_6.3.0.202107141111\\db\/plugins/mcufinder/images/
2023-11-30 18:43:27,684 [INFO] DbBoards:264 - Set plugin images path to: C:\ST\STM32CubeIDE_1.7.0\STM32CubeIDE\plugins\com.st.stm32cube.common.mx_6.3.0.202107141111\\db\/plugins/mcufinder/images/
2023-11-30 18:43:27,684 [INFO] DbExamples:333 - Set plugin images path to: C:\ST\STM32CubeIDE_1.7.0\STM32CubeIDE\plugins\com.st.stm32cube.common.mx_6.3.0.202107141111\\db\/plugins/mcufinder/images/
2023-11-30 18:43:27,684 [WARN] DbFile:35 - Overriding database path with different value: C:\Users\nguye\.stmcufinder\plugins\mcufinder/ => C:\Users\nguye\.stmcufinder\plugins\mcufinder
2023-11-30 18:43:27,684 [INFO] DbMcusAds:119 - Set database path to: C:\Users\nguye\.stmcufinder\plugins\mcufinder//mcu/
2023-11-30 18:43:27,684 [WARN] DbFile:35 - Overriding database path with different value: C:\Users\nguye\.stmcufinder\plugins\mcufinder/ => C:\Users\nguye\.stmcufinder\plugins\mcufinder
2023-11-30 18:43:27,684 [INFO] DbMcusDocs:110 - Set database path to: C:\Users\nguye\.stmcufinder\plugins\mcufinder//mcu/
2023-11-30 18:43:27,684 [WARN] DbFile:35 - Overriding database path with different value: C:\Users\nguye\.stmcufinder\plugins\mcufinder/ => C:\Users\nguye\.stmcufinder\plugins\mcufinder
2023-11-30 18:43:27,685 [INFO] DbMcusJson:64 - Set database path to: C:\Users\nguye\.stmcufinder\plugins\mcufinder//mcu/
2023-11-30 18:43:27,685 [WARN] DbFile:35 - Overriding database path with different value: C:\Users\nguye\.stmcufinder\plugins\mcufinder/ => C:\Users\nguye\.stmcufinder\plugins\mcufinder
2023-11-30 18:43:27,685 [INFO] DbBoardsDocs:110 - Set database path to: C:\Users\nguye\.stmcufinder\plugins\mcufinder//mcu/
2023-11-30 18:43:27,685 [WARN] DbFile:35 - Overriding database path with different value: C:\Users\nguye\.stmcufinder\plugins\mcufinder/ => C:\Users\nguye\.stmcufinder\plugins\mcufinder
2023-11-30 18:43:27,685 [INFO] DbBoardsJson:57 - Set database path to: C:\Users\nguye\.stmcufinder\plugins\mcufinder//mcu/
2023-11-30 18:43:27,685 [WARN] DbFile:35 - Overriding database path with different value: C:\Users\nguye\.stmcufinder\plugins\mcufinder/ => C:\Users\nguye\.stmcufinder\plugins\mcufinder
2023-11-30 18:43:27,685 [WARN] DbFile:35 - Overriding database path with different value: C:\Users\nguye\.stmcufinder\plugins\mcufinder/ => C:\Users\nguye\.stmcufinder\plugins\mcufinder
2023-11-30 18:43:27,685 [INFO] CrossReferenceDbSqlite:196 - Set database path to: C:\Users\nguye\.stmcufinder\plugins\mcufinder//mcu/cs/
2023-11-30 18:43:27,685 [WARN] DbFile:35 - Overriding database path with different value: C:\Users\nguye\.stmcufinder\plugins\mcufinder/ => C:\Users\nguye\.stmcufinder\plugins\mcufinder
2023-11-30 18:43:27,686 [INFO] DbExamplesSqlite:767 - Set database path to: C:\Users\nguye\.stmcufinder\plugins\mcufinder//mcu/
2023-11-30 18:43:27,744 [INFO] MainPanel:214 - HeapMemory: 268435456
2023-11-30 18:43:27,817 [INFO] DbMcusXml:74 - Set database path to: C:\ST\STM32CubeIDE_1.7.0\STM32CubeIDE\plugins\com.st.stm32cube.common.mx_6.3.0.202107141111\\db\/mcu/
2023-11-30 18:43:27,817 [INFO] DbBoardsPdsc:56 - Set plugin database path to: C:\ST\STM32CubeIDE_1.7.0\STM32CubeIDE\plugins\com.st.stm32cube.common.mx_6.3.0.202107141111\\db\/plugins/boardmanager/
2023-11-30 18:43:27,817 [INFO] DbMcus:258 - Set plugin images path to: C:\ST\STM32CubeIDE_1.7.0\STM32CubeIDE\plugins\com.st.stm32cube.common.mx_6.3.0.202107141111\\db\/plugins/mcufinder/images/
2023-11-30 18:43:27,817 [INFO] DbBoards:264 - Set plugin images path to: C:\ST\STM32CubeIDE_1.7.0\STM32CubeIDE\plugins\com.st.stm32cube.common.mx_6.3.0.202107141111\\db\/plugins/mcufinder/images/
2023-11-30 18:43:27,817 [INFO] DbExamples:333 - Set plugin images path to: C:\ST\STM32CubeIDE_1.7.0\STM32CubeIDE\plugins\com.st.stm32cube.common.mx_6.3.0.202107141111\\db\/plugins/mcufinder/images/
2023-11-30 18:43:27,818 [WARN] DbFile:35 - Overriding database path with different value: C:\Users\nguye\.stmcufinder\plugins\mcufinder/ => C:\Users\nguye\.stmcufinder\plugins\mcufinder
2023-11-30 18:43:27,818 [INFO] DbMcusAds:119 - Set database path to: C:\Users\nguye\.stmcufinder\plugins\mcufinder//mcu/
2023-11-30 18:43:27,818 [WARN] DbFile:35 - Overriding database path with different value: C:\Users\nguye\.stmcufinder\plugins\mcufinder/ => C:\Users\nguye\.stmcufinder\plugins\mcufinder
2023-11-30 18:43:27,818 [INFO] DbMcusDocs:110 - Set database path to: C:\Users\nguye\.stmcufinder\plugins\mcufinder//mcu/
2023-11-30 18:43:27,818 [WARN] DbFile:35 - Overriding database path with different value: C:\Users\nguye\.stmcufinder\plugins\mcufinder/ => C:\Users\nguye\.stmcufinder\plugins\mcufinder
2023-11-30 18:43:27,818 [INFO] DbMcusJson:64 - Set database path to: C:\Users\nguye\.stmcufinder\plugins\mcufinder//mcu/
2023-11-30 18:43:27,818 [WARN] DbFile:35 - Overriding database path with different value: C:\Users\nguye\.stmcufinder\plugins\mcufinder/ => C:\Users\nguye\.stmcufinder\plugins\mcufinder
2023-11-30 18:43:27,818 [INFO] DbBoardsDocs:110 - Set database path to: C:\Users\nguye\.stmcufinder\plugins\mcufinder//mcu/
2023-11-30 18:43:27,818 [WARN] DbFile:35 - Overriding database path with different value: C:\Users\nguye\.stmcufinder\plugins\mcufinder/ => C:\Users\nguye\.stmcufinder\plugins\mcufinder
2023-11-30 18:43:27,818 [INFO] DbBoardsJson:57 - Set database path to: C:\Users\nguye\.stmcufinder\plugins\mcufinder//mcu/
2023-11-30 18:43:27,819 [WARN] DbFile:35 - Overriding database path with different value: C:\Users\nguye\.stmcufinder\plugins\mcufinder/ => C:\Users\nguye\.stmcufinder\plugins\mcufinder
2023-11-30 18:43:27,819 [WARN] DbFile:35 - Overriding database path with different value: C:\Users\nguye\.stmcufinder\plugins\mcufinder/ => C:\Users\nguye\.stmcufinder\plugins\mcufinder
2023-11-30 18:43:27,819 [INFO] CrossReferenceDbSqlite:196 - Set database path to: C:\Users\nguye\.stmcufinder\plugins\mcufinder//mcu/cs/
2023-11-30 18:43:27,819 [WARN] DbFile:35 - Overriding database path with different value: C:\Users\nguye\.stmcufinder\plugins\mcufinder/ => C:\Users\nguye\.stmcufinder\plugins\mcufinder
2023-11-30 18:43:27,819 [INFO] DbExamplesSqlite:767 - Set database path to: C:\Users\nguye\.stmcufinder\plugins\mcufinder//mcu/
2023-11-30 18:43:27,834 [INFO] ApplicationProperties:181 - Using Application install path: C:\ST\STM32CubeIDE_1.7.0\STM32CubeIDE\plugins\com.st.stm32cube.common.mx_6.3.0.202107141111
2023-11-30 18:43:27,835 [INFO] PluginManage:188 - Search for loadable plugins [exclusion list=, ]
2023-11-30 18:43:27,836 [INFO] PluginManage:302 - Check plugin analytics
2023-11-30 18:43:27,941 [INFO] AnalyticsPlugin:257 - Accepted Software Licenses: 
2023-11-30 18:43:27,942 [INFO] AnalyticsPlugin:259 - Accepted CMSIS Pack Licenses: 
2023-11-30 18:43:27,942 [INFO] AnalyticsPlugin:261 - Accepted Firmware Licenses: 
2023-11-30 18:43:27,942 [INFO] PluginManage:352 - Loaded plugin analytics (category:tool,tabindex:-1)
2023-11-30 18:43:27,942 [INFO] PluginManage:302 - Check plugin clock
2023-11-30 18:43:27,949 [INFO] PluginManage:352 - Loaded plugin clock (category:base,tabindex:2)
2023-11-30 18:43:27,949 [INFO] PluginManage:302 - Check plugin ddr
2023-11-30 18:43:27,951 [INFO] PluginManage:352 - Loaded plugin ddr (category:tool,tabindex:6)
2023-11-30 18:43:27,951 [INFO] PluginManage:302 - Check plugin filemanager
2023-11-30 18:43:28,039 [INFO] PluginManage:352 - Loaded plugin filemanager (category:base,tabindex:10)
2023-11-30 18:43:28,039 [INFO] PluginManage:302 - Check plugin ipmanager
2023-11-30 18:43:28,044 [INFO] PluginManage:352 - Loaded plugin ipmanager (category:base,tabindex:5)
2023-11-30 18:43:28,045 [INFO] PluginManage:302 - Check plugin pinoutandconfiguration
2023-11-30 18:43:28,051 [INFO] PluginManage:352 - Loaded plugin pinoutandconfiguration (category:base,tabindex:1)
2023-11-30 18:43:28,052 [INFO] PluginManage:302 - Check plugin pinoutconfig
2023-11-30 18:43:28,072 [INFO] PluginManage:352 - Loaded plugin pinoutconfig (category:base,tabindex:0)
2023-11-30 18:43:28,072 [INFO] PluginManage:302 - Check plugin power
2023-11-30 18:43:28,079 [INFO] PluginManage:352 - Loaded plugin power (category:power,tabindex:4)
2023-11-30 18:43:28,079 [INFO] PluginManage:302 - Check plugin projectmanager
2023-11-30 18:43:28,092 [INFO] PluginManage:352 - Loaded plugin projectmanager (category:projectmanager,tabindex:3)
2023-11-30 18:43:28,092 [INFO] PluginManage:302 - Check plugin thirdparty
2023-11-30 18:43:28,192 [WARN] IntegrityCheckThread:78 - waiting for thirdparty lock release [integrity check]
2023-11-30 18:43:28,192 [INFO] PluginManage:352 - Loaded plugin thirdparty (category:base,tabindex:-1)
2023-11-30 18:43:28,192 [INFO] IntegrityCheckThread:80 - entering critical section [integrity check]
2023-11-30 18:43:28,193 [INFO] PluginManage:302 - Check plugin tools
2023-11-30 18:43:28,193 [INFO] ThirdPartyUpdaterWithRetryManager:66 - Updater plugin not ready yet. [1/15]
2023-11-30 18:43:28,194 [INFO] PluginManage:352 - Loaded plugin tools (category:base,tabindex:7)
2023-11-30 18:43:28,194 [INFO] PluginManage:302 - Check plugin tutovideos
2023-11-30 18:43:28,353 [INFO] PluginManage:352 - Loaded plugin tutovideos (category:base,tabindex:-1)
2023-11-30 18:43:28,353 [INFO] PluginManage:302 - Check plugin updater
2023-11-30 18:43:28,361 [INFO] PluginManage:352 - Loaded plugin updater (category:base,tabindex:12)
2023-11-30 18:43:28,362 [INFO] PluginManage:275 - PluginManage : Loaded plugins [13]
2023-11-30 18:43:28,476 [INFO] PinOutPanel:1463 - setPackage(No Configuration,No Configuration)
2023-11-30 18:43:28,533 [INFO] IPUIPlugin:74 - create IPUIPlugin
2023-11-30 18:43:28,533 [INFO] PluginManager:213 - loadIPPluginJar : add adc
2023-11-30 18:43:28,534 [INFO] IPUIPlugin:74 - create IPUIPlugin
2023-11-30 18:43:28,535 [INFO] PluginManager:213 - loadIPPluginJar : add aes
2023-11-30 18:43:28,536 [INFO] IPUIPlugin:74 - create IPUIPlugin
2023-11-30 18:43:28,536 [INFO] PluginManager:213 - loadIPPluginJar : add can
2023-11-30 18:43:28,537 [INFO] IPUIPlugin:74 - create IPUIPlugin
2023-11-30 18:43:28,537 [INFO] PluginManager:213 - loadIPPluginJar : add comp
2023-11-30 18:43:28,539 [INFO] IPUIPlugin:74 - create IPUIPlugin
2023-11-30 18:43:28,539 [INFO] PluginManager:213 - loadIPPluginJar : add cryp
2023-11-30 18:43:28,540 [INFO] IPUIPlugin:74 - create IPUIPlugin
2023-11-30 18:43:28,540 [INFO] PluginManager:213 - loadIPPluginJar : add dfsdm
2023-11-30 18:43:28,544 [INFO] IPUIPlugin:74 - create IPUIPlugin
2023-11-30 18:43:28,545 [INFO] PluginManager:213 - loadIPPluginJar : add dma
2023-11-30 18:43:28,546 [INFO] IPUIPlugin:74 - create IPUIPlugin
2023-11-30 18:43:28,547 [INFO] PluginManager:213 - loadIPPluginJar : add dma3
2023-11-30 18:43:28,548 [INFO] IPUIPlugin:74 - create IPUIPlugin
2023-11-30 18:43:28,548 [INFO] PluginManager:213 - loadIPPluginJar : add fatfs
2023-11-30 18:43:28,551 [INFO] IPUIPlugin:74 - create IPUIPlugin
2023-11-30 18:43:28,551 [INFO] PluginManager:213 - loadIPPluginJar : add fmc
2023-11-30 18:43:28,554 [INFO] IPUIPlugin:74 - create IPUIPlugin
2023-11-30 18:43:28,554 [INFO] PluginManager:213 - loadIPPluginJar : add freertos
2023-11-30 18:43:28,556 [INFO] IPUIPlugin:74 - create IPUIPlugin
2023-11-30 18:43:28,556 [INFO] PluginManager:213 - loadIPPluginJar : add genericplugin
2023-11-30 18:43:28,557 [INFO] IPUIPlugin:74 - create IPUIPlugin
2023-11-30 18:43:28,557 [INFO] PluginManager:213 - loadIPPluginJar : add gfxmmu
2023-11-30 18:43:28,561 [INFO] IPUIPlugin:74 - create IPUIPlugin
2023-11-30 18:43:28,561 [INFO] PluginManager:213 - loadIPPluginJar : add gic
2023-11-30 18:43:28,564 [INFO] IPUIPlugin:74 - create IPUIPlugin
2023-11-30 18:43:28,564 [INFO] PluginManager:213 - loadIPPluginJar : add gpio
2023-11-30 18:43:28,565 [INFO] IPUIPlugin:74 - create IPUIPlugin
2023-11-30 18:43:28,565 [INFO] PluginManager:213 - loadIPPluginJar : add gtzc
2023-11-30 18:43:28,566 [INFO] IPUIPlugin:74 - create IPUIPlugin
2023-11-30 18:43:28,566 [INFO] PluginManager:213 - loadIPPluginJar : add hash
2023-11-30 18:43:28,568 [INFO] IPUIPlugin:74 - create IPUIPlugin
2023-11-30 18:43:28,568 [INFO] PluginManager:213 - loadIPPluginJar : add i2c
2023-11-30 18:43:28,569 [INFO] IPUIPlugin:74 - create IPUIPlugin
2023-11-30 18:43:28,570 [INFO] PluginManager:213 - loadIPPluginJar : add i2s
2023-11-30 18:43:28,572 [INFO] IPUIPlugin:74 - create IPUIPlugin
2023-11-30 18:43:28,572 [INFO] PluginManager:213 - loadIPPluginJar : add ipddr
2023-11-30 18:43:28,577 [INFO] IPUIPlugin:74 - create IPUIPlugin
2023-11-30 18:43:28,578 [INFO] PluginManager:213 - loadIPPluginJar : add linkedlist
2023-11-30 18:43:28,579 [INFO] IPUIPlugin:74 - create IPUIPlugin
2023-11-30 18:43:28,579 [INFO] PluginManager:213 - loadIPPluginJar : add lorawan
2023-11-30 18:43:28,580 [INFO] IPUIPlugin:74 - create IPUIPlugin
2023-11-30 18:43:28,580 [INFO] PluginManager:213 - loadIPPluginJar : add ltdc
2023-11-30 18:43:28,583 [INFO] IPUIPlugin:74 - create IPUIPlugin
2023-11-30 18:43:28,583 [INFO] PluginManager:213 - loadIPPluginJar : add mdma
2023-11-30 18:43:28,585 [INFO] IPUIPlugin:74 - create IPUIPlugin
2023-11-30 18:43:28,585 [INFO] PluginManager:213 - loadIPPluginJar : add nvic
2023-11-30 18:43:28,586 [INFO] IPUIPlugin:74 - create IPUIPlugin
2023-11-30 18:43:28,586 [INFO] PluginManager:213 - loadIPPluginJar : add opamp
2023-11-30 18:43:28,588 [INFO] IPUIPlugin:74 - create IPUIPlugin
2023-11-30 18:43:28,589 [INFO] PluginManager:213 - loadIPPluginJar : add openamp
2023-11-30 18:43:28,591 [INFO] IPUIPlugin:74 - create IPUIPlugin
2023-11-30 18:43:28,591 [INFO] PluginManager:213 - loadIPPluginJar : add pdm2pcm
2023-11-30 18:43:28,595 [INFO] IPUIPlugin:74 - create IPUIPlugin
2023-11-30 18:43:28,598 [INFO] PluginManager:213 - loadIPPluginJar : add plateformsettings
2023-11-30 18:43:28,599 [INFO] IPUIPlugin:74 - create IPUIPlugin
2023-11-30 18:43:28,599 [INFO] PluginManager:213 - loadIPPluginJar : add quadspi
2023-11-30 18:43:28,601 [INFO] IPUIPlugin:74 - create IPUIPlugin
2023-11-30 18:43:28,601 [INFO] PluginManager:213 - loadIPPluginJar : add resmgrutility
2023-11-30 18:43:28,603 [INFO] IPUIPlugin:74 - create IPUIPlugin
2023-11-30 18:43:28,603 [INFO] PluginManager:213 - loadIPPluginJar : add sai
2023-11-30 18:43:28,604 [INFO] IPUIPlugin:74 - create IPUIPlugin
2023-11-30 18:43:28,604 [INFO] PluginManager:213 - loadIPPluginJar : add spi
2023-11-30 18:43:28,608 [INFO] IPUIPlugin:74 - create IPUIPlugin
2023-11-30 18:43:28,608 [INFO] PluginManager:213 - loadIPPluginJar : add stm32_wpan
2023-11-30 18:43:28,609 [INFO] IPUIPlugin:74 - create IPUIPlugin
2023-11-30 18:43:28,609 [INFO] PluginManager:213 - loadIPPluginJar : add tim
2023-11-30 18:43:28,611 [INFO] IPUIPlugin:74 - create IPUIPlugin
2023-11-30 18:43:28,611 [INFO] PluginManager:213 - loadIPPluginJar : add touchsensing
2023-11-30 18:43:28,613 [INFO] IPUIPlugin:74 - create IPUIPlugin
2023-11-30 18:43:28,613 [INFO] PluginManager:213 - loadIPPluginJar : add tracer_emb
2023-11-30 18:43:28,613 [INFO] IPUIPlugin:74 - create IPUIPlugin
2023-11-30 18:43:28,613 [INFO] PluginManager:213 - loadIPPluginJar : add ts
2023-11-30 18:43:28,614 [INFO] IPUIPlugin:74 - create IPUIPlugin
2023-11-30 18:43:28,614 [INFO] PluginManager:213 - loadIPPluginJar : add tsc
2023-11-30 18:43:28,615 [INFO] IPUIPlugin:74 - create IPUIPlugin
2023-11-30 18:43:28,615 [INFO] PluginManager:213 - loadIPPluginJar : add ucpd
2023-11-30 18:43:28,617 [INFO] IPUIPlugin:74 - create IPUIPlugin
2023-11-30 18:43:28,618 [INFO] PluginManager:213 - loadIPPluginJar : add usart
2023-11-30 18:43:28,619 [INFO] IPUIPlugin:74 - create IPUIPlugin
2023-11-30 18:43:28,619 [INFO] PluginManager:213 - loadIPPluginJar : add usbx
2023-11-30 18:43:28,882 [FATAL] Updater:294 - Updater called before beeing initialized
2023-11-30 18:43:28,951 [FATAL] Updater:294 - Updater called before beeing initialized
2023-11-30 18:43:28,953 [INFO] DbMcusAds:47 - JSON generation date=Tue May 11 22:32:49 ICT 2021 (1620747169502)
2023-11-30 18:43:28,954 [FATAL] Updater:294 - Updater called before beeing initialized
2023-11-30 18:43:28,980 [WARN] DetailPanel:314 - Failed to get advertising image, set to default
2023-11-30 18:43:29,053 [FATAL] Updater:294 - Updater called before beeing initialized
2023-11-30 18:43:29,054 [FATAL] Updater:294 - Updater called before beeing initialized
2023-11-30 18:43:29,054 [FATAL] Updater:294 - Updater called before beeing initialized
2023-11-30 18:43:29,054 [WARN] DetailPanel:314 - Failed to get advertising image, set to default
2023-11-30 18:43:29,055 [FATAL] Updater:294 - Updater called before beeing initialized
2023-11-30 18:43:29,092 [ERROR] Updater:1075 - MainUpdater not yet initialized. External WinMGr cannot be set.
2023-11-30 18:43:29,093 [INFO] Updater:1012 - Updater Version found : 6.3.0
2023-11-30 18:43:29,105 [INFO] ApplicationProperties:181 - Using Application install path: C:\ST\STM32CubeIDE_1.7.0\STM32CubeIDE\plugins\com.st.stm32cube.common.mx_6.3.0.202107141111
2023-11-30 18:43:30,261 [INFO] MainUpdater:2671 - connection check result : 10
2023-11-30 18:43:30,261 [INFO] MainUpdater:3359 - Updater definition file requires update
2023-11-30 18:43:30,262 [INFO] MainUpdater:265 - Updater Check For Update Now.
2023-11-30 18:43:30,262 [INFO] MicroXplorer:478 - Change Database Version : DB.6.0.30
2023-11-30 18:43:31,208 [WARN] MainUpdater:1122 - Updater busy. Cannot search thirdparties
2023-11-30 18:43:31,208 [INFO] ThirdPartyUpdaterWithRetryManager:92 - Updater plugin is busy. [1/15]
2023-11-30 18:43:31,285 [INFO] ServerAccessManage:362 - Download File updaters.zip
2023-11-30 18:43:31,622 [INFO] FileExtend:235 - Unzip File : updaters.zip
2023-11-30 18:43:31,623 [INFO] FileExtend:250 - Standard Zip Deflate
2023-11-30 18:43:32,617 [INFO] ServerAccessManage:362 - Download File PacksControlFlags.xml
2023-11-30 18:43:33,125 [INFO] ServerAccessManage:362 - Download File cubemx.pidx
2023-11-30 18:43:33,179 [INFO] LoadServerUpdatesThread:339 - End of LoadServerUpdate Thread
2023-11-30 18:43:33,309 [INFO] CheckServerUpdateThread:112 - End of CheckServer Thread
2023-11-30 18:43:33,324 [INFO] MainUpdater:2671 - connection check result : 10
2023-11-30 18:43:33,325 [INFO] McuFinderGlobals:52 - Set McuFinderConnectedMode to true
2023-11-30 18:43:33,740 [INFO] ServerAccessManage:362 - Download File mcusAds.json._tmp_
2023-11-30 18:43:33,857 [INFO] LoadUrlFilesThread:145 - End of LoadUrlFiles Thread
2023-11-30 18:43:34,208 [WARN] MainUpdater:1122 - Updater busy. Cannot search thirdparties
2023-11-30 18:43:34,208 [INFO] ThirdPartyUpdaterWithRetryManager:92 - Updater plugin is busy. [2/15]
2023-11-30 18:43:37,212 [WARN] MainUpdater:1122 - Updater busy. Cannot search thirdparties
2023-11-30 18:43:37,212 [INFO] ThirdPartyUpdaterWithRetryManager:92 - Updater plugin is busy. [3/15]
2023-11-30 18:43:39,374 [INFO] ServerAccessManage:362 - Download File mcusDocs.json._tmp_
2023-11-30 18:43:40,206 [INFO] LoadUrlFilesThread:145 - End of LoadUrlFiles Thread
2023-11-30 18:43:40,218 [WARN] MainUpdater:1122 - Updater busy. Cannot search thirdparties
2023-11-30 18:43:40,218 [INFO] ThirdPartyUpdaterWithRetryManager:92 - Updater plugin is busy. [4/15]
2023-11-30 18:43:41,318 [INFO] ServerAccessManage:362 - Download File mcusFeaturesAndDescription.json._tmp_
2023-11-30 18:43:43,227 [WARN] MainUpdater:1122 - Updater busy. Cannot search thirdparties
2023-11-30 18:43:43,227 [INFO] ThirdPartyUpdaterWithRetryManager:92 - Updater plugin is busy. [5/15]
2023-11-30 18:43:46,229 [WARN] MainUpdater:1122 - Updater busy. Cannot search thirdparties
2023-11-30 18:43:46,229 [INFO] ThirdPartyUpdaterWithRetryManager:92 - Updater plugin is busy. [6/15]
2023-11-30 18:43:49,230 [WARN] MainUpdater:1122 - Updater busy. Cannot search thirdparties
2023-11-30 18:43:49,230 [INFO] ThirdPartyUpdaterWithRetryManager:92 - Updater plugin is busy. [7/15]
2023-11-30 18:43:49,931 [INFO] LoadUrlFilesThread:145 - End of LoadUrlFiles Thread
2023-11-30 18:43:50,636 [INFO] ServerAccessManage:362 - Download File boardsDocs.json._tmp_
2023-11-30 18:43:50,756 [INFO] LoadUrlFilesThread:145 - End of LoadUrlFiles Thread
2023-11-30 18:43:51,355 [INFO] ServerAccessManage:362 - Download File boards.json._tmp_
2023-11-30 18:43:51,883 [INFO] LoadUrlFilesThread:145 - End of LoadUrlFiles Thread
2023-11-30 18:43:52,237 [WARN] MainUpdater:1122 - Updater busy. Cannot search thirdparties
2023-11-30 18:43:52,237 [INFO] ThirdPartyUpdaterWithRetryManager:92 - Updater plugin is busy. [8/15]
2023-11-30 18:43:52,378 [INFO] ServerAccessManage:362 - Download File cube-finder-db.zip
2023-11-30 18:43:55,249 [WARN] MainUpdater:1122 - Updater busy. Cannot search thirdparties
2023-11-30 18:43:55,249 [INFO] ThirdPartyUpdaterWithRetryManager:92 - Updater plugin is busy. [9/15]
2023-11-30 18:43:58,253 [WARN] MainUpdater:1122 - Updater busy. Cannot search thirdparties
2023-11-30 18:43:58,253 [INFO] ThirdPartyUpdaterWithRetryManager:92 - Updater plugin is busy. [10/15]
2023-11-30 18:44:01,261 [WARN] MainUpdater:1122 - Updater busy. Cannot search thirdparties
2023-11-30 18:44:01,261 [INFO] ThirdPartyUpdaterWithRetryManager:92 - Updater plugin is busy. [11/15]
2023-11-30 18:44:04,270 [WARN] MainUpdater:1122 - Updater busy. Cannot search thirdparties
2023-11-30 18:44:04,270 [INFO] ThirdPartyUpdaterWithRetryManager:92 - Updater plugin is busy. [12/15]
2023-11-30 18:44:07,282 [WARN] MainUpdater:1122 - Updater busy. Cannot search thirdparties
2023-11-30 18:44:07,282 [INFO] ThirdPartyUpdaterWithRetryManager:92 - Updater plugin is busy. [13/15]
2023-11-30 18:44:10,294 [WARN] MainUpdater:1122 - Updater busy. Cannot search thirdparties
2023-11-30 18:44:10,294 [INFO] ThirdPartyUpdaterWithRetryManager:92 - Updater plugin is busy. [14/15]
2023-11-30 18:44:13,297 [WARN] MainUpdater:1122 - Updater busy. Cannot search thirdparties
2023-11-30 18:44:13,297 [INFO] ThirdPartyUpdaterWithRetryManager:92 - Updater plugin is busy. [15/15]
2023-11-30 18:44:13,297 [ERROR] IntegrityCheckThread:124 - Cannot retrieve database content from updater: error -1
2023-11-30 18:44:13,297 [INFO] ThirdParty:915 - Integrity check success = false
2023-11-30 18:44:13,298 [INFO] IntegrityCheckThread:94 - exiting critical section [integrity check]
2023-11-30 18:44:13,298 [INFO] IntegrityCheckThread:97 - End integrity checks thread
2023-11-30 18:44:29,888 [INFO] FileExtend:235 - Unzip File : cube-finder-db.zip
2023-11-30 18:44:29,889 [INFO] FileExtend:250 - Standard Zip Deflate
2023-11-30 18:44:30,671 [INFO] LoadUrlFilesThread:145 - End of LoadUrlFiles Thread
2023-11-30 18:44:31,904 [INFO] ServerAccessManage:362 - Download File crdb.zip
2023-11-30 18:44:34,467 [INFO] FileExtend:235 - Unzip File : crdb.zip
2023-11-30 18:44:34,468 [INFO] FileExtend:250 - Standard Zip Deflate
2023-11-30 18:44:34,598 [INFO] LoadUrlFilesThread:145 - End of LoadUrlFiles Thread
2023-11-30 18:44:36,207 [INFO] ServerAccessManage:362 - Download File tutoVideoDB.zip
2023-11-30 18:44:36,412 [INFO] FileExtend:235 - Unzip File : tutoVideoDB.zip
2023-11-30 18:44:36,412 [INFO] FileExtend:250 - Standard Zip Deflate
2023-11-30 18:44:36,531 [INFO] LoadUrlFilesThread:145 - End of LoadUrlFiles Thread
2023-11-30 18:44:36,532 [INFO] DbMcusAds:47 - JSON generation date=Wed Nov 29 17:52:38 ICT 2023 (1701255158764)
2023-11-30 18:44:36,557 [INFO] DbMcusDocs:143 - JSON generation date=Tue Nov 16 23:17:54 ICT 2021 (1637079474)
2023-11-30 18:44:36,557 [INFO] DbMcusXml:100 - Load MCU database from C:\ST\STM32CubeIDE_1.7.0\STM32CubeIDE\plugins\com.st.stm32cube.common.mx_6.3.0.202107141111\\db\/mcu/families.xml
2023-11-30 18:44:37,079 [INFO] DbMcusJson:93 - JSON generation date=Tue Nov 16 23:17:54 ICT 2021 (1637079474)
2023-11-30 18:44:37,612 [INFO] DbMcus:175 - Found 1951 MCUs (1903 are supported by CubeMX, 1914 are visible in CubeMX)
2023-11-30 18:44:37,613 [INFO] ApiDb:251 - Load user favorites file C:\Users\nguye/.stm32cubeide/favorites.mcus.txt: 0 item(s)
2023-11-30 18:44:37,613 [INFO] ApiDb:255 - User favorites MCUs=[]
2023-11-30 18:44:37,613 [INFO] DbMcus:187 - Set 0 / 0 favorites MCUs
2023-11-30 18:44:38,071 [INFO] DbMcusDocs:79 - Found 682 MCUs documents
2023-11-30 18:44:38,072 [INFO] ApiDb:276 - Save user favorites file C:\Users\nguye/.stm32cubeide/favorites.mcus.txt: 0 item(s)
2023-11-30 18:44:38,072 [INFO] ApiDb:280 - User favorites MCUs=[]
2023-11-30 18:44:38,074 [INFO] DbMcusXml:100 - Load MCU database from C:\ST\STM32CubeIDE_1.7.0\STM32CubeIDE\plugins\com.st.stm32cube.common.mx_6.3.0.202107141111\\db\/mcu/families.xml
2023-11-30 18:44:38,611 [INFO] DbMcusJson:93 - JSON generation date=Tue Nov 16 23:17:54 ICT 2021 (1637079474)
2023-11-30 18:44:39,065 [INFO] DbMcus:175 - Found 1951 MCUs (1903 are supported by CubeMX, 1914 are visible in CubeMX)
2023-11-30 18:44:39,065 [INFO] ApiDb:251 - Load user favorites file C:\Users\nguye/.stm32cubeide/favorites.mcus.txt: 0 item(s)
2023-11-30 18:44:39,065 [INFO] ApiDb:255 - User favorites MCUs=[]
2023-11-30 18:44:39,066 [INFO] DbMcus:187 - Set 0 / 0 favorites MCUs
2023-11-30 18:44:39,071 [INFO] DbBoardsDocs:143 - JSON generation date=Tue Nov 16 23:17:54 ICT 2021 (1637079474)
2023-11-30 18:44:39,077 [INFO] DbBoardsPdsc:90 - Found 25 items
2023-11-30 18:44:39,079 [INFO] DbBoardsPdsc:90 - Found 9 items
2023-11-30 18:44:39,083 [INFO] DbBoardsPdsc:90 - Found 33 items
2023-11-30 18:44:39,084 [INFO] DbBoardsPdsc:90 - Found 1 items
2023-11-30 18:44:39,089 [INFO] DbBoardsPdsc:90 - Found 48 items
2023-11-30 18:44:39,096 [INFO] DbBoardsPdsc:90 - Found 43 items
2023-11-30 18:44:39,097 [INFO] DbBoardsPdsc:90 - Found 2 items
2023-11-30 18:44:39,099 [INFO] DbBoardsPdsc:90 - Found 5 items
2023-11-30 18:44:39,103 [WARN] DbBoardsPdsc:254 - Board STM32H7B3I-DK: unknown feature type=Audio, name=, username=Audio stereo codec with Headphone Amp (CS42L51-CNZ), n=1
2023-11-30 18:44:39,103 [WARN] DbBoardsPdsc:254 - Board STM32H735G-DK: unknown feature type=Audio, name=, username=Audio stereo codec with Headphone Amp (WM8994ECS/R), n=1
2023-11-30 18:44:39,104 [WARN] DbBoardsPdsc:254 - Board STM32H7B3I-EVAL: unknown feature type=Audio, name=, username=Multi-Channel Audio Codec (CS42L51-CNZ), n=1
2023-11-30 18:44:39,104 [WARN] DbBoardsPdsc:254 - Board STM32H7B3I-EVAL: unknown feature type=Meter, name=, username=Power-metering and Temperature-monitoring with sigma-delta modulators, n=1
2023-11-30 18:44:39,104 [WARN] DbBoardsPdsc:254 - Board STM32H7B3I-EVAL: unknown feature type=Motor, name=, username=Motor Control, n=1
2023-11-30 18:44:39,104 [WARN] DbBoardsPdsc:254 - Board STM32U575I-EV: unknown feature type=joystick, name=, username=4-direction joystick with selection button, n=1
2023-11-30 18:44:39,134 [INFO] DbBoardsJson:86 - JSON generation date=Tue Nov 16 23:17:54 ICT 2021 (1637079474)
2023-11-30 18:44:39,141 [INFO] DbBoards:117 - Found 167 boards (163 are supported by CubeMX)
2023-11-30 18:44:39,142 [INFO] DbBoardsDocs:143 - JSON generation date=Tue Nov 16 23:17:54 ICT 2021 (1637079474)
2023-11-30 18:44:39,146 [INFO] DbBoardsDocs:79 - Found 209 boards documents
2023-11-30 18:44:39,147 [WARN] DbBoards:127 - board B-L475E-IOT01A2 has no document id list !
2023-11-30 18:44:39,148 [WARN] DbBoards:127 - board NUCLEO-H743ZI has no document id list !
2023-11-30 18:44:39,149 [WARN] DbBoards:127 - board NUCLEO-WL55JC2 has no document id list !
2023-11-30 18:44:39,149 [WARN] DbBoards:127 - board P-NUCLEO-WB55-Nucleo has no document id list !
2023-11-30 18:44:39,149 [WARN] DbBoards:127 - board P-NUCLEO-WB55-USBDongle has no document id list !
2023-11-30 18:44:39,149 [WARN] DbBoards:127 - board STEVAL-BFA001V1B has no document id list !
2023-11-30 18:44:39,149 [WARN] DbBoards:127 - board STEVAL-BFA001V2B has no document id list !
2023-11-30 18:44:39,149 [WARN] DbBoards:127 - board STEVAL-IDP005V1 has no document id list !
2023-11-30 18:44:39,149 [WARN] DbBoards:127 - board STEVAL-IDP005V2 has no document id list !
2023-11-30 18:44:39,149 [WARN] DbBoards:127 - board STEVAL-MKSBOX1V1 has no document id list !
2023-11-30 18:44:39,149 [WARN] DbBoards:127 - board STEVAL-STWINKT1 has no document id list !
2023-11-30 18:44:39,149 [WARN] DbBoards:127 - board STEVAL-STWINKT1B has no document id list !
2023-11-30 18:44:39,150 [WARN] DbBoards:127 - board STM32439I-EVAL2 has no document id list !
2023-11-30 18:44:39,150 [WARN] DbBoards:127 - board STM32F401C-DISCO has no document id list !
2023-11-30 18:44:39,151 [WARN] DbBoards:127 - board STM32F769I-DISC1 has no document id list !
2023-11-30 18:44:39,151 [WARN] DbBoards:127 - board STM32G474E-EVAL1 has no document id list !
2023-11-30 18:44:39,151 [WARN] DbBoards:127 - board STM32H743I-EVAL2 has no document id list !
2023-11-30 18:44:39,151 [WARN] DbBoards:127 - board STM32H747I-DISC1 has no document id list !
2023-11-30 18:44:39,152 [WARN] DbBoards:127 - board STM32H753I-EVAL2 has no document id list !
2023-11-30 18:44:39,152 [WARN] DbBoards:127 - board STM32L-DISCOVERY has no document id list !
2023-11-30 18:44:39,278 [ERROR] DbBoards:189 - Image file not found for board B-U585I-IOT02A: C:\ST\STM32CubeIDE_1.7.0\STM32CubeIDE\plugins\com.st.stm32cube.common.mx_6.3.0.202107141111\\db\/plugins/mcufinder/images/boards/B-U585I-IOT02A_small.jpg
2023-11-30 18:44:39,358 [ERROR] DbBoards:189 - Image file not found for board NUCLEO-F413ZH: C:\ST\STM32CubeIDE_1.7.0\STM32CubeIDE\plugins\com.st.stm32cube.common.mx_6.3.0.202107141111\\db\/plugins/mcufinder/images/boards/nucleo-f413zh_small.jpg
2023-11-30 18:44:39,522 [ERROR] DbBoards:189 - Image file not found for board NUCLEO-L552ZE-Q: C:\ST\STM32CubeIDE_1.7.0\STM32CubeIDE\plugins\com.st.stm32cube.common.mx_6.3.0.202107141111\\db\/plugins/mcufinder/images/boards/nucleo_l552ze_q_small.jpg
2023-11-30 18:44:39,522 [ERROR] DbBoards:189 - Image file not found for board NUCLEO-U575ZI-Q: C:\ST\STM32CubeIDE_1.7.0\STM32CubeIDE\plugins\com.st.stm32cube.common.mx_6.3.0.202107141111\\db\/plugins/mcufinder/images/boards/nucleo-u575zi-q_small.jpg
2023-11-30 18:44:39,522 [ERROR] DbBoards:189 - Image file not found for board NUCLEO-WB15CC: C:\ST\STM32CubeIDE_1.7.0\STM32CubeIDE\plugins\com.st.stm32cube.common.mx_6.3.0.202107141111\\db\/plugins/mcufinder/images/boards/nucleo-wb15cc_small.jpg
2023-11-30 18:44:39,522 [ERROR] DbBoards:189 - Image file not found for board NUCLEO-WB55RG: C:\ST\STM32CubeIDE_1.7.0\STM32CubeIDE\plugins\com.st.stm32cube.common.mx_6.3.0.202107141111\\db\/plugins/mcufinder/images/boards/nucleo-wb55rg_small.jpg
2023-11-30 18:44:40,454 [INFO] ApiDb:242 - User favorites file not found: C:\Users\nguye/.stm32cubeide/favorites.boards.txt
2023-11-30 18:44:40,454 [INFO] DbBoards:206 - Set 0 / 0 favorites Boards
2023-11-30 18:44:40,457 [INFO] DbBoardsDocs:79 - Found 418 boards documents
2023-11-30 18:44:40,457 [INFO] ApiDb:276 - Save user favorites file C:\Users\nguye/.stm32cubeide/favorites.boards.txt: 0 item(s)
2023-11-30 18:44:40,457 [INFO] ApiDb:280 - User favorites Boards=[]
2023-11-30 18:44:40,460 [INFO] DbBoardsPdsc:90 - Found 25 items
2023-11-30 18:44:40,461 [INFO] DbBoardsPdsc:90 - Found 9 items
2023-11-30 18:44:40,463 [INFO] DbBoardsPdsc:90 - Found 33 items
2023-11-30 18:44:40,464 [INFO] DbBoardsPdsc:90 - Found 1 items
2023-11-30 18:44:40,468 [INFO] DbBoardsPdsc:90 - Found 48 items
2023-11-30 18:44:40,473 [INFO] DbBoardsPdsc:90 - Found 43 items
2023-11-30 18:44:40,473 [INFO] DbBoardsPdsc:90 - Found 2 items
2023-11-30 18:44:40,474 [INFO] DbBoardsPdsc:90 - Found 5 items
2023-11-30 18:44:40,476 [WARN] DbBoardsPdsc:254 - Board STM32H7B3I-DK: unknown feature type=Audio, name=, username=Audio stereo codec with Headphone Amp (CS42L51-CNZ), n=1
2023-11-30 18:44:40,476 [WARN] DbBoardsPdsc:254 - Board STM32H735G-DK: unknown feature type=Audio, name=, username=Audio stereo codec with Headphone Amp (WM8994ECS/R), n=1
2023-11-30 18:44:40,477 [WARN] DbBoardsPdsc:254 - Board STM32H7B3I-EVAL: unknown feature type=Audio, name=, username=Multi-Channel Audio Codec (CS42L51-CNZ), n=1
2023-11-30 18:44:40,477 [WARN] DbBoardsPdsc:254 - Board STM32H7B3I-EVAL: unknown feature type=Meter, name=, username=Power-metering and Temperature-monitoring with sigma-delta modulators, n=1
2023-11-30 18:44:40,477 [WARN] DbBoardsPdsc:254 - Board STM32H7B3I-EVAL: unknown feature type=Motor, name=, username=Motor Control, n=1
2023-11-30 18:44:40,478 [WARN] DbBoardsPdsc:254 - Board STM32U575I-EV: unknown feature type=joystick, name=, username=4-direction joystick with selection button, n=1
2023-11-30 18:44:40,491 [INFO] DbBoardsJson:86 - JSON generation date=Tue Nov 16 23:17:54 ICT 2021 (1637079474)
2023-11-30 18:44:40,495 [INFO] DbBoards:117 - Found 167 boards (163 are supported by CubeMX)
2023-11-30 18:44:40,495 [WARN] DbBoards:127 - board B-L475E-IOT01A2 has no document id list !
2023-11-30 18:44:40,496 [WARN] DbBoards:127 - board NUCLEO-H743ZI has no document id list !
2023-11-30 18:44:40,496 [WARN] DbBoards:127 - board NUCLEO-WL55JC2 has no document id list !
2023-11-30 18:44:40,496 [WARN] DbBoards:127 - board P-NUCLEO-WB55-Nucleo has no document id list !
2023-11-30 18:44:40,496 [WARN] DbBoards:127 - board P-NUCLEO-WB55-USBDongle has no document id list !
2023-11-30 18:44:40,496 [WARN] DbBoards:127 - board STEVAL-BFA001V1B has no document id list !
2023-11-30 18:44:40,496 [WARN] DbBoards:127 - board STEVAL-BFA001V2B has no document id list !
2023-11-30 18:44:40,496 [WARN] DbBoards:127 - board STEVAL-IDP005V1 has no document id list !
2023-11-30 18:44:40,496 [WARN] DbBoards:127 - board STEVAL-IDP005V2 has no document id list !
2023-11-30 18:44:40,497 [WARN] DbBoards:127 - board STEVAL-MKSBOX1V1 has no document id list !
2023-11-30 18:44:40,497 [WARN] DbBoards:127 - board STEVAL-STWINKT1 has no document id list !
2023-11-30 18:44:40,497 [WARN] DbBoards:127 - board STEVAL-STWINKT1B has no document id list !
2023-11-30 18:44:40,497 [WARN] DbBoards:127 - board STM32439I-EVAL2 has no document id list !
2023-11-30 18:44:40,497 [WARN] DbBoards:127 - board STM32F401C-DISCO has no document id list !
2023-11-30 18:44:40,497 [WARN] DbBoards:127 - board STM32F769I-DISC1 has no document id list !
2023-11-30 18:44:40,497 [WARN] DbBoards:127 - board STM32G474E-EVAL1 has no document id list !
2023-11-30 18:44:40,497 [WARN] DbBoards:127 - board STM32H743I-EVAL2 has no document id list !
2023-11-30 18:44:40,497 [WARN] DbBoards:127 - board STM32H747I-DISC1 has no document id list !
2023-11-30 18:44:40,497 [WARN] DbBoards:127 - board STM32H753I-EVAL2 has no document id list !
2023-11-30 18:44:40,497 [WARN] DbBoards:127 - board STM32L-DISCOVERY has no document id list !
2023-11-30 18:44:40,566 [ERROR] DbBoards:189 - Image file not found for board B-U585I-IOT02A: C:\ST\STM32CubeIDE_1.7.0\STM32CubeIDE\plugins\com.st.stm32cube.common.mx_6.3.0.202107141111\\db\/plugins/mcufinder/images/boards/B-U585I-IOT02A_small.jpg
2023-11-30 18:44:40,638 [ERROR] DbBoards:189 - Image file not found for board NUCLEO-F413ZH: C:\ST\STM32CubeIDE_1.7.0\STM32CubeIDE\plugins\com.st.stm32cube.common.mx_6.3.0.202107141111\\db\/plugins/mcufinder/images/boards/nucleo-f413zh_small.jpg
2023-11-30 18:44:40,829 [ERROR] DbBoards:189 - Image file not found for board NUCLEO-L552ZE-Q: C:\ST\STM32CubeIDE_1.7.0\STM32CubeIDE\plugins\com.st.stm32cube.common.mx_6.3.0.202107141111\\db\/plugins/mcufinder/images/boards/nucleo_l552ze_q_small.jpg
2023-11-30 18:44:40,829 [ERROR] DbBoards:189 - Image file not found for board NUCLEO-U575ZI-Q: C:\ST\STM32CubeIDE_1.7.0\STM32CubeIDE\plugins\com.st.stm32cube.common.mx_6.3.0.202107141111\\db\/plugins/mcufinder/images/boards/nucleo-u575zi-q_small.jpg
2023-11-30 18:44:40,829 [ERROR] DbBoards:189 - Image file not found for board NUCLEO-WB15CC: C:\ST\STM32CubeIDE_1.7.0\STM32CubeIDE\plugins\com.st.stm32cube.common.mx_6.3.0.202107141111\\db\/plugins/mcufinder/images/boards/nucleo-wb15cc_small.jpg
2023-11-30 18:44:40,829 [ERROR] DbBoards:189 - Image file not found for board NUCLEO-WB55RG: C:\ST\STM32CubeIDE_1.7.0\STM32CubeIDE\plugins\com.st.stm32cube.common.mx_6.3.0.202107141111\\db\/plugins/mcufinder/images/boards/nucleo-wb55rg_small.jpg
2023-11-30 18:44:41,483 [INFO] ApiDb:251 - Load user favorites file C:\Users\nguye/.stm32cubeide/favorites.boards.txt: 0 item(s)
2023-11-30 18:44:41,484 [INFO] ApiDb:255 - User favorites Boards=[]
2023-11-30 18:44:41,484 [INFO] DbBoards:206 - Set 0 / 0 favorites Boards
2023-11-30 18:44:43,176 [INFO] ServerAccessManage:362 - Download File 
2023-11-30 18:44:43,271 [INFO] LoadUrlFilesThread:172 - End of LoadServerUrlFiles without Thread
2023-11-30 18:44:43,271 [INFO] TargetSelectorAdapter:224 - Refresh data is successful
2023-11-30 18:44:43,358 [INFO] ApiDb:479 - Connected to CubeFinder SQLite database (C:\Users\nguye\.stmcufinder\plugins\mcufinder\mcu\cube-finder-db.db)
2023-11-30 18:44:44,184 [ERROR] DbExamplesSqlite:446 - Missing JSON key: board_cpn
2023-11-30 18:44:44,184 [ERROR] DbExamplesSqlite:446 - Missing JSON key: board_cpn
2023-11-30 18:44:44,184 [ERROR] DbExamplesSqlite:446 - Missing JSON key: board_cpn
2023-11-30 18:44:44,184 [ERROR] DbExamplesSqlite:446 - Missing JSON key: board_cpn
2023-11-30 18:44:44,224 [INFO] DbExamplesSqlite:411 - Ignored 55 examples not supported by CubeIDE
2023-11-30 18:44:44,224 [INFO] DbExamplesSqlite:412 - Found 7548 examples active
2023-11-30 18:44:44,224 [INFO] DbExamplesSqlite:413 - Found 848 examples obsolete
2023-11-30 18:44:44,224 [INFO] DbExamplesSqlite:414 - Found 0 examples under development
2023-11-30 18:44:44,224 [INFO] DbExamplesSqlite:415 - Found 8 examples not building
2023-11-30 18:44:44,275 [INFO] DbExamplesSqlite:108 - CubeFinder database Data Model version=2.1
2023-11-30 18:44:44,275 [INFO] DbExamplesSqlite:109 - CubeFinder database Configuration version=3.0.39
2023-11-30 18:44:44,275 [INFO] DbExamplesSqlite:110 - CubeFinder database generation date=2023-11-06 (1699269565)
2023-11-30 18:44:44,275 [INFO] DbExamplesSqlite:111 - CubeFinder database FW Pack versions=[FP-ATR-ASTRA1_V2.0.0, FP-SNS-FLIGHT1_V5.0.1, FP-SNS-FLIGHT1_V5.0.2, FP-SNS-MOTENV1_V4.3.1, FP-SNS-MOTENV1_V4.3.2, FP-SNS-MOTENVWB1_V1.3.0, FP-SNS-SMARTAG2_V1.2.0, STM32Cube_FW_C0_V1.1.0, STM32Cube_FW_F4_V1.28.0, STM32Cube_FW_F7_V1.17.0, STM32Cube_FW_G0_V1.6.1, STM32Cube_FW_G4_V1.5.1, STM32Cube_FW_H5_V0.5.1, STM32Cube_FW_H5_V1.1.1, STM32Cube_FW_H5_V1.2.0RC2, STM32Cube_FW_H7_V1.11.0, STM32Cube_FW_L0_V1.12.2, STM32Cube_FW_L5_V1.5.0, STM32Cube_FW_U5_V1.3.0RC4, STM32Cube_FW_U5_V1.4.0, STM32Cube_FW_WBA_V1.0.0RC1, STM32Cube_FW_WBA_V1.1.0RC1, STM32Cube_FW_WBA_V1.2.0, STM32Cube_FW_WBA_V1.2.0RC2, STM32Cube_FW_WB_V1.15.0RC1, STM32Cube_FW_WB_V1.16.0, STM32Cube_FW_WB_V1.16.0RC2, STM32Cube_FW_WB_V1.18.0, STM32Cube_FW_WL_V1.3.0, X-CUBE-ALGOBUILD_V1.3.0, X-CUBE-ALS_V1.0.1, X-CUBE-AZRTOS-F4_V1.1.0, X-CUBE-AZRTOS-F7_V1.1.0, X-CUBE-AZRTOS-G0_V1.1.0, X-CUBE-AZRTOS-G4_V2.0.0, X-CUBE-AZRTOS-H7_V3.1.0, X-CUBE-AZRTOS-L4_V1.0.0, X-CUBE-AZRTOS-L4_V2.0.0, X-CUBE-AZRTOS-L5_V1.1.0, X-CUBE-AZRTOS-WB_V2.0.0, X-CUBE-AZRTOS-WL_V2.0.0, X-CUBE-BLE1_V7.0.0, X-CUBE-BLE2_V3.3.0, X-CUBE-BLEMGR_V2.0.0, X-CUBE-EEPRMA1_V4.1.0, X-CUBE-EEPRMA1_V4.2.0, X-CUBE-FREERTOS_V1.1.0, X-CUBE-GNSS1_V6.0.0, X-CUBE-MEMS1_V10.0.0, X-CUBE-MEMS1_V9.1.0, X-CUBE-MEMS1_V9.4.0, X-CUBE-MEMS1_V9.6.0, X-CUBE-NFC4_V3.0.0, X-CUBE-NFC7_V1.0.1, X-CUBE-SFXS2LP1_V4.0.0, X-CUBE-SUBG2_V5.0.0, X-CUBE-TOF1_V3.3.1]
2023-11-30 18:44:44,276 [INFO] DbExamples:130 - Found 7501 examples
2023-11-30 18:44:44,982 [ERROR] DbExamples:206 - Found 7501 examples with invalid data (board or MCU)
2023-11-30 18:44:44,983 [INFO] DbExamples:222 - Found 79 boards with related examples
2023-11-30 18:44:44,984 [INFO] DbExamples:235 - Found 0 MCUs with related examples
2023-11-30 18:44:45,026 [INFO] ApiDb:242 - User favorites file not found: C:\Users\nguye/.stm32cubeide/favorites.examples.txt
2023-11-30 18:44:45,026 [INFO] DbExamples:256 - Set 0 / 0 favorites Examples
2023-11-30 18:44:45,141 [INFO] McuFinderGlobals:52 - Set McuFinderConnectedMode to false
2023-11-30 18:44:45,217 [INFO] CrossSelectorPresenter:1330 - Cross Selector saved comparison directory: C:\Users\nguye\.stmcufinder\plugins\mcufinder\mcu\cs_comparisons_mx
2023-11-30 18:44:45,224 [INFO] MultiScanPanel:197 - Auto-refresh data requested => check proxy status ongoing
2023-11-30 18:44:45,224 [INFO] MultiScanPanel:201 - Proxy status is invalid
2023-11-30 18:44:45,226 [INFO] FinderPluginLoader:87 - Searching for filters in installed packs
2023-11-30 18:44:45,582 [INFO] DetailPanel:309 - Set advertising image to C:/Users/nguye/STM32Cube/Repository/\en.prom-stm32wl3-mcu-finder.jpg
2023-11-30 18:45:31,446 [INFO] MainUpdater:2671 - connection check result : 10
2023-11-30 18:45:31,447 [INFO] MainUpdater:2671 - connection check result : 10
2023-11-30 18:45:31,507 [INFO] MicroXplorer:448 - Change Database Path : 
2023-11-30 18:45:31,507 [INFO] MicroXplorer:478 - Change Database Version : DB.6.0.30
2023-11-30 18:45:31,507 [WARN] ThirdParty:813 - waiting for thirdparty lock release [close project]
2023-11-30 18:45:31,507 [INFO] ThirdParty:815 - entering critical section [close project]
2023-11-30 18:45:31,508 [INFO] ThirdParty:825 - exiting critical section [close project]
2023-11-30 18:45:31,511 [INFO] PinOutPanel:1463 - setPackage(No Configuration,No Configuration)
2023-11-30 18:45:31,512 [INFO] UtilMem:74 - Begin LoadConfig() Used Memory: 422425792 Bytes (811597824)
2023-11-30 18:45:31,516 [INFO] MicroXplorer:448 - Change Database Path : 
2023-11-30 18:45:31,517 [INFO] MicroXplorer:478 - Change Database Version : DB.6.0.30
2023-11-30 18:45:31,517 [INFO] OpenFileManager:313 - Change cursor
2023-11-30 18:45:31,532 [WARN] IntegrityCheckThread:78 - waiting for thirdparty lock release [integrity check]
2023-11-30 18:45:31,532 [INFO] IntegrityCheckThread:80 - entering critical section [integrity check]
2023-11-30 18:45:31,615 [INFO] ThirdParty:915 - Integrity check success = true
2023-11-30 18:45:31,615 [INFO] IntegrityCheckThread:94 - exiting critical section [integrity check]
2023-11-30 18:45:31,615 [INFO] IntegrityCheckThread:97 - End integrity checks thread
2023-11-30 18:45:32,314 [INFO] Context:592 - Trying to add GPIOservice into a context  which must be forbidden
2023-11-30 18:45:32,474 [INFO] ImportTextPane:167 - (OptionalMessage_ERROR) Unable to find key (Mcu.ThirdPartyNb) in loaded IOC file
2023-11-30 18:45:32,474 [INFO] ImportTextPane:167 - (OptionalMessage_ERROR) Unable to find key (Mcu.PinsNb) in loaded IOC file
2023-11-30 18:45:32,474 [INFO] ImportTextPane:167 - (OptionalMessage_ERROR) Unable to find key (Mcu.IPNb) in loaded IOC file
2023-11-30 18:45:32,509 [INFO] RtosManager:484 - Registered RTOS mode: class=CMSIS, group=RTOS, mode=CMSIS_V1, owner=FREERTOS
2023-11-30 18:45:32,510 [INFO] RtosManager:484 - Registered RTOS mode: class=CMSIS, group=RTOS2, mode=CMSIS_V2, owner=FREERTOS
2023-11-30 18:45:32,510 [INFO] RtosManager:484 - Registered RTOS mode: class=RTOS, group=Core, mode=CMSIS_V1, owner=FREERTOS
2023-11-30 18:45:32,510 [INFO] RtosManager:484 - Registered RTOS mode: class=RTOS, group=Core, mode=CMSIS_V2, owner=FREERTOS
2023-11-30 18:45:32,510 [WARN] ModelIntegratedComponent:181 - Missing modes for component STMicroelectronics:FreeRTOS:0.0.1:STMicroelectronics:RTOS:FreeRTOS:Core:::10.2.0:
2023-11-30 18:45:32,512 [WARN] ModelIntegratedComponent:60 - No mode defined for component null
2023-11-30 18:45:32,513 [WARN] ModelIntegratedComponent:60 - No mode defined for component null
2023-11-30 18:45:32,513 [WARN] ModelIntegratedComponent:60 - No mode defined for component null
2023-11-30 18:45:32,513 [WARN] ModelIntegratedComponent:60 - No mode defined for component null
2023-11-30 18:45:32,513 [WARN] ModelIntegratedComponent:60 - No mode defined for component null
2023-11-30 18:45:32,513 [WARN] ModelIntegratedComponent:60 - No mode defined for component null
2023-11-30 18:45:32,513 [WARN] ModelIntegratedComponent:60 - No mode defined for component null
2023-11-30 18:45:32,513 [WARN] ModelIntegratedComponent:60 - No mode defined for component null
2023-11-30 18:45:32,513 [WARN] ModelIntegratedComponent:60 - No mode defined for component null
2023-11-30 18:45:32,513 [WARN] ModelIntegratedComponent:60 - No mode defined for component null
2023-11-30 18:45:32,513 [WARN] ModelIntegratedComponent:60 - No mode defined for component null
2023-11-30 18:45:32,514 [WARN] ModelIntegratedComponent:60 - No mode defined for component null
2023-11-30 18:45:32,514 [WARN] ModelIntegratedComponent:60 - No mode defined for component null
2023-11-30 18:45:32,514 [WARN] ModelIntegratedComponent:60 - No mode defined for component null
2023-11-30 18:45:32,514 [WARN] ModelIntegratedComponent:60 - No mode defined for component null
2023-11-30 18:45:32,514 [WARN] ModelIntegratedComponent:60 - No mode defined for component null
2023-11-30 18:45:32,514 [WARN] ModelIntegratedComponent:60 - No mode defined for component null
2023-11-30 18:45:32,514 [WARN] ModelIntegratedComponent:60 - No mode defined for component null
2023-11-30 18:45:32,514 [WARN] ModelIntegratedComponent:60 - No mode defined for component null
2023-11-30 18:45:32,514 [WARN] ModelIntegratedComponent:60 - No mode defined for component null
2023-11-30 18:45:32,514 [WARN] ModelIntegratedComponent:60 - No mode defined for component null
2023-11-30 18:45:32,514 [WARN] ModelIntegratedComponent:60 - No mode defined for component null
2023-11-30 18:45:32,515 [WARN] ModelIntegratedComponent:60 - No mode defined for component null
2023-11-30 18:45:32,515 [WARN] ModelIntegratedComponent:60 - No mode defined for component null
2023-11-30 18:45:32,515 [WARN] ModelIntegratedComponent:60 - No mode defined for component null
2023-11-30 18:45:32,515 [WARN] ModelIntegratedComponent:60 - No mode defined for component null
2023-11-30 18:45:32,515 [WARN] ModelIntegratedComponent:60 - No mode defined for component null
2023-11-30 18:45:32,515 [WARN] ModelIntegratedComponent:60 - No mode defined for component null
2023-11-30 18:45:32,515 [WARN] ModelIntegratedComponent:60 - No mode defined for component null
2023-11-30 18:45:32,515 [WARN] ModelIntegratedComponent:60 - No mode defined for component null
2023-11-30 18:45:32,515 [WARN] ModelIntegratedComponent:60 - No mode defined for component null
2023-11-30 18:45:32,603 [INFO] UtilMem:74 - End LoadConfig() Used Memory: 368121840 Bytes (811597824)
2023-11-30 18:45:32,610 [WARN] ThirdParty:779 - waiting for thirdparty lock release [change project]
2023-11-30 18:45:32,610 [INFO] ThirdParty:781 - entering critical section [change project]
2023-11-30 18:45:32,611 [INFO] ThirdParty:967 - CMSIS Pack Vendor :STMicroelectronics USB_HOST 2.0.0
2023-11-30 18:45:32,611 [INFO] ThirdParty:967 - CMSIS Pack Vendor :STMicroelectronics FreeRTOS 0.0.1
2023-11-30 18:45:32,611 [INFO] ThirdParty:967 - CMSIS Pack Vendor :STMicroelectronics USB_DEVICE 1.0.0
2023-11-30 18:45:32,611 [INFO] ThirdParty:967 - CMSIS Pack Vendor :STMicroelectronics USB_DEVICE 3.0.0
2023-11-30 18:45:32,611 [INFO] ThirdParty:967 - CMSIS Pack Vendor :STMicroelectronics HAL Drivers 0.0.0
2023-11-30 18:45:32,611 [INFO] ThirdParty:967 - CMSIS Pack Vendor :STMicroelectronics MBEDTLS 2.16.2
2023-11-30 18:45:32,611 [INFO] ThirdParty:967 - CMSIS Pack Vendor :STMicroelectronics ThreadX 0.0.2
2023-11-30 18:45:32,611 [INFO] ThirdParty:967 - CMSIS Pack Vendor :STMicroelectronics lwIP 2.0.3
2023-11-30 18:45:32,611 [INFO] ThirdParty:967 - CMSIS Pack Vendor :STMicroelectronics lwIP 2.1.2
2023-11-30 18:45:32,611 [INFO] ThirdParty:967 - CMSIS Pack Vendor :STMicroelectronics MBEDTLS 2.14.1
2023-11-30 18:45:32,611 [INFO] ThirdParty:967 - CMSIS Pack Vendor :STMicroelectronics USB_HOST 1.0.0
2023-11-30 18:45:32,611 [INFO] ThirdParty:967 - CMSIS Pack Vendor :STMicroelectronics PDM2PCM 3.1.0
2023-11-30 18:45:32,611 [INFO] ThirdParty:967 - CMSIS Pack Vendor :STMicroelectronics PDM2PCM 3.2.0
2023-11-30 18:45:32,611 [INFO] ThirdParty:967 - CMSIS Pack Vendor :STMicroelectronics USB_DEVICE 2.0.0
2023-11-30 18:45:32,611 [INFO] ThirdParty:967 - CMSIS Pack Vendor :STMicroelectronics PDM2PCM 3.3.0
2023-11-30 18:45:32,611 [INFO] ThirdParty:787 - exiting critical section [change project]
2023-11-30 18:45:32,816 [INFO] PinOutPanel:1463 - setPackage(No Configuration,No Configuration)
2023-11-30 18:45:32,817 [INFO] PinOutPanel:1463 - setPackage(STM32F103C6Ux,UFQFPN48)
2023-11-30 18:45:33,096 [INFO] UtilMem:74 - Before build in PCC Used Memory: 466268096 Bytes (811597824)
2023-11-30 18:45:33,519 [INFO] UtilMem:74 - After build in PCC Used Memory: 547008448 Bytes (811597824)
2023-11-30 18:45:33,536 [INFO] IPUIPlugin:74 - create IPUIPlugin
2023-11-30 18:45:33,536 [INFO] IPUIPlugin:74 - create IPUIPlugin
2023-11-30 18:45:33,536 [INFO] IPUIPlugin:74 - create IPUIPlugin
2023-11-30 18:45:33,536 [INFO] IPUIPlugin:74 - create IPUIPlugin
2023-11-30 18:45:33,536 [INFO] IPUIPlugin:74 - create IPUIPlugin
2023-11-30 18:45:33,536 [INFO] IPUIPlugin:74 - create IPUIPlugin
2023-11-30 18:45:33,536 [INFO] IPUIPlugin:74 - create IPUIPlugin
2023-11-30 18:45:33,537 [INFO] IPUIPlugin:74 - create IPUIPlugin
2023-11-30 18:45:33,537 [INFO] IPUIPlugin:74 - create IPUIPlugin
2023-11-30 18:45:33,537 [INFO] IPUIPlugin:74 - create IPUIPlugin
2023-11-30 18:45:33,537 [INFO] IPUIPlugin:74 - create IPUIPlugin
2023-11-30 18:45:33,537 [INFO] IPUIPlugin:74 - create IPUIPlugin
2023-11-30 18:45:33,538 [INFO] IPUIPlugin:74 - create IPUIPlugin
2023-11-30 18:45:33,538 [INFO] IPUIPlugin:74 - create IPUIPlugin
2023-11-30 18:45:33,538 [INFO] IPUIPlugin:74 - create IPUIPlugin
2023-11-30 18:45:33,538 [INFO] IPUIPlugin:74 - create IPUIPlugin
2023-11-30 18:45:33,538 [INFO] IPUIPlugin:74 - create IPUIPlugin
2023-11-30 18:45:33,539 [INFO] IPUIPlugin:74 - create IPUIPlugin
2023-11-30 18:45:33,539 [INFO] IPUIPlugin:74 - create IPUIPlugin
2023-11-30 18:45:33,539 [INFO] IPUIPlugin:74 - create IPUIPlugin
2023-11-30 18:45:33,539 [INFO] IPUIPlugin:74 - create IPUIPlugin
2023-11-30 18:45:33,540 [INFO] IPUIPlugin:74 - create IPUIPlugin
2023-11-30 18:45:33,540 [INFO] IPUIPlugin:74 - create IPUIPlugin
2023-11-30 18:45:33,623 [INFO] OpenFileManager:333 - Restore cursor
2023-11-30 18:45:33,836 [INFO] UtilMem:74 - End SaveConfig() Used Memory: 610971584 Bytes (811597824)
2023-11-30 18:45:35,190 [INFO] ServerAccessManage:362 - Download File stm32cube_fw_f1_v180.zip
2023-11-30 18:47:41,043 [ERROR] FileExtend:450 - File entry not found
2023-11-30 18:47:41,044 [INFO] FileExtend:235 - Unzip File : stm32cube_fw_f1_v180.zip
2023-11-30 18:47:41,044 [INFO] FileExtend:250 - Standard Zip Deflate
2023-11-30 18:48:08,899 [INFO] ServerAccessManage:362 - Download File stm32cube_fw_f1_v185.zip
2023-11-30 18:49:07,266 [INFO] FileExtend:235 - Unzip File : stm32cube_fw_f1_v185.zip
2023-11-30 18:49:07,266 [INFO] FileExtend:250 - Standard Zip Deflate
2023-11-30 18:49:21,905 [INFO] LoadServerPackagesThread:180 - End of LoadServerPackages Thread
2023-11-30 18:49:22,061 [INFO] CheckServerUpdateThread:112 - End of CheckServer Thread
2023-11-30 18:49:22,068 [INFO] UtilMem:74 - End SaveConfig() Used Memory: 1052184256 Bytes (1073741824)
2023-11-30 18:49:22,583 [INFO] BlockDiagram:2740 - set Specific Code input for plugin: NVIC
2023-11-30 18:49:22,584 [INFO] BlockDiagram:2740 - set Specific Code input for plugin: SYS
2023-11-30 18:49:22,584 [INFO] BlockDiagram:2740 - set Specific Code input for plugin: RCC
2023-11-30 18:49:22,585 [INFO] CodeGenerator:663 - code generatio: config db path: C:\ST\STM32CubeIDE_1.7.0\STM32CubeIDE\plugins\com.st.stm32cube.common.mx_6.3.0.202107141111\\db\
2023-11-30 18:49:23,111 [INFO] CodeEngine:239 - oldGeneratedFile, C:\Users\nguye\OneDrive\Desktop\quang\LAB4\LAB4\MXTmpFiles\license.tmp_save
2023-11-30 18:49:23,524 [INFO] CodeEngine:257 - Generated code: C:\Users\nguye\OneDrive\Desktop\quang\LAB4\LAB4\MXTmpFiles\license.tmp
2023-11-30 18:49:23,650 [INFO] CodeEngine:239 - oldGeneratedFile, C:\Users\nguye\OneDrive\Desktop\quang\LAB4\LAB4\Core\Src\stm32f1xx_it.c_save
2023-11-30 18:49:23,937 [INFO] CodeEngine:257 - Generated code: C:\Users\nguye\OneDrive\Desktop\quang\LAB4\LAB4\Core\Src\stm32f1xx_it.c
2023-11-30 18:49:23,963 [INFO] CodeEngine:239 - oldGeneratedFile, C:\Users\nguye\OneDrive\Desktop\quang\LAB4\LAB4\Core\Inc\stm32f1xx_it.h_save
2023-11-30 18:49:24,037 [INFO] CodeEngine:257 - Generated code: C:\Users\nguye\OneDrive\Desktop\quang\LAB4\LAB4\Core\Inc\stm32f1xx_it.h
2023-11-30 18:49:24,057 [INFO] CodeEngine:239 - oldGeneratedFile, C:\Users\nguye\OneDrive\Desktop\quang\LAB4\LAB4\Core\Src\stm32f1xx_hal_msp.c_save
2023-11-30 18:49:24,166 [INFO] CodeEngine:257 - Generated code: C:\Users\nguye\OneDrive\Desktop\quang\LAB4\LAB4\Core\Src\stm32f1xx_hal_msp.c
2023-11-30 18:49:24,176 [INFO] CodeEngine:239 - oldGeneratedFile, C:\Users\nguye\OneDrive\Desktop\quang\LAB4\LAB4\MXTmpFiles\system.tmp_save
2023-11-30 18:49:24,274 [INFO] CodeEngine:257 - Generated code: C:\Users\nguye\OneDrive\Desktop\quang\LAB4\LAB4\MXTmpFiles\system.tmp
2023-11-30 18:49:24,290 [INFO] CodeEngine:239 - oldGeneratedFile, C:\Users\nguye\OneDrive\Desktop\quang\LAB4\LAB4\Core\Inc\stm32f1xx_hal_conf.h_save
2023-11-30 18:49:24,369 [INFO] CodeEngine:257 - Generated code: C:\Users\nguye\OneDrive\Desktop\quang\LAB4\LAB4\Core\Inc\stm32f1xx_hal_conf.h
2023-11-30 18:49:24,420 [INFO] CodeEngine:239 - oldGeneratedFile, C:\Users\nguye\OneDrive\Desktop\quang\LAB4\LAB4\Core\Inc\main.h_save
2023-11-30 18:49:24,512 [INFO] CodeEngine:257 - Generated code: C:\Users\nguye\OneDrive\Desktop\quang\LAB4\LAB4\Core\Inc\main.h
2023-11-30 18:49:24,522 [INFO] CodeEngine:239 - oldGeneratedFile, C:\Users\nguye\OneDrive\Desktop\quang\LAB4\LAB4\Core\Src\main.c_save
2023-11-30 18:49:24,651 [INFO] CodeEngine:257 - Generated code: C:\Users\nguye\OneDrive\Desktop\quang\LAB4\LAB4\Core\Src\main.c
2023-11-30 18:49:25,433 [INFO] ProjectBuilder:2578 - Time for Copy HAL[1] : 81mS.
2023-11-30 18:49:25,442 [INFO] ProjectBuilder:3622 - Project Generator version: 3.14.1
2023-11-30 18:49:25,952 [INFO] ConfigFileManager:1271 - The Die is : DIE412
2023-11-30 18:49:25,977 [INFO] ApiDbMcu:468 - Load IP Config File for FATFS
2023-11-30 18:49:26,015 [INFO] ApiDbMcu:468 - Load IP Config File for FREERTOS
2023-11-30 18:49:26,049 [INFO] ApiDbMcu:468 - Load IP Config File for USB_DEVICE
2023-11-30 18:49:29,841 [INFO] ProjectBuilder:3789 - Time for Generating toolchain IDE Files: 4399mS.
2023-11-30 18:49:29,842 [INFO] ProjectBuilder:2457 - Time for Copy CMSIS : 1mS.
2023-11-30 18:49:29,845 [INFO] ProjectBuilder:2457 - Time for Copy CMSIS : 0mS.
2023-11-30 18:49:30,077 [INFO] McuFinderGlobals:52 - Set McuFinderConnectedMode to true
2023-11-30 18:49:30,079 [INFO] ApiDb:276 - Save user favorites file C:\Users\nguye/.stm32cubeide/favorites.mcus.txt: 0 item(s)
2023-11-30 18:49:30,079 [INFO] ApiDb:280 - User favorites MCUs=[]
2023-11-30 18:53:22,184 [INFO] NvicIntPanel:96 - NVIC parent = com.st.microxplorer.plugins.ip.nvic.MultiNvicIntPanel[,0,0,450x182,layout=javax.swing.BoxLayout,alignmentX=0.0,alignmentY=0.0,border=,flags=9,maximumSize=,minimumSize=,preferredSize=]
2023-11-30 18:55:47,760 [INFO] Gpio:254 - dependency for GPIO []
2023-11-30 18:57:06,805 [INFO] Gpio:254 - dependency for GPIO []
2023-11-30 18:57:09,802 [INFO] Gpio:254 - dependency for GPIO []
2023-11-30 18:57:14,276 [INFO] UtilMem:74 - End SaveConfig() Used Memory: 758356872 Bytes (1073741824)
2023-11-30 18:57:15,563 [INFO] UtilMem:74 - End SaveConfig() Used Memory: 774340560 Bytes (1073741824)
2023-11-30 18:57:17,799 [INFO] UtilMem:74 - End SaveConfig() Used Memory: 778299736 Bytes (1073741824)
2023-11-30 18:57:18,160 [INFO] BlockDiagram:2740 - set Specific Code input for plugin: NVIC
2023-11-30 18:57:18,160 [INFO] BlockDiagram:2740 - set Specific Code input for plugin: SYS
2023-11-30 18:57:18,160 [INFO] BlockDiagram:2740 - set Specific Code input for plugin: GPIO
2023-11-30 18:57:18,160 [INFO] BlockDiagram:2740 - set Specific Code input for plugin: RCC
2023-11-30 18:57:18,160 [INFO] BlockDiagram:2740 - set Specific Code input for plugin: TIM1_8F1
2023-11-30 18:57:18,161 [INFO] CodeGenerator:663 - code generatio: config db path: C:\ST\STM32CubeIDE_1.7.0\STM32CubeIDE\plugins\com.st.stm32cube.common.mx_6.3.0.202107141111\\db\
2023-11-30 18:57:18,438 [INFO] CodeEngine:239 - oldGeneratedFile, C:\Users\nguye\OneDrive\Desktop\quang\LAB4\LAB4\MXTmpFiles\license.tmp_save
2023-11-30 18:57:18,502 [INFO] CodeEngine:257 - Generated code: C:\Users\nguye\OneDrive\Desktop\quang\LAB4\LAB4\MXTmpFiles\license.tmp
2023-11-30 18:57:18,560 [INFO] CodeEngine:239 - oldGeneratedFile, C:\Users\nguye\OneDrive\Desktop\quang\LAB4\LAB4\MXTmpFiles\gpio.tmp_save
2023-11-30 18:57:18,620 [INFO] CodeEngine:257 - Generated code: C:\Users\nguye\OneDrive\Desktop\quang\LAB4\LAB4\MXTmpFiles\gpio.tmp
2023-11-30 18:57:18,785 [INFO] CodeEngine:239 - oldGeneratedFile, C:\Users\nguye\OneDrive\Desktop\quang\LAB4\LAB4\Core\Src\stm32f1xx_it.c_save
2023-11-30 18:57:18,954 [INFO] CodeEngine:257 - Generated code: C:\Users\nguye\OneDrive\Desktop\quang\LAB4\LAB4\Core\Src\stm32f1xx_it.c
2023-11-30 18:57:18,960 [INFO] CodeEngine:239 - oldGeneratedFile, C:\Users\nguye\OneDrive\Desktop\quang\LAB4\LAB4\Core\Inc\stm32f1xx_it.h_save
2023-11-30 18:57:19,030 [INFO] CodeEngine:257 - Generated code: C:\Users\nguye\OneDrive\Desktop\quang\LAB4\LAB4\Core\Inc\stm32f1xx_it.h
2023-11-30 18:57:19,048 [INFO] CodeEngine:239 - oldGeneratedFile, C:\Users\nguye\OneDrive\Desktop\quang\LAB4\LAB4\Core\Src\stm32f1xx_hal_msp.c_save
2023-11-30 18:57:19,157 [INFO] CodeEngine:257 - Generated code: C:\Users\nguye\OneDrive\Desktop\quang\LAB4\LAB4\Core\Src\stm32f1xx_hal_msp.c
2023-11-30 18:57:19,161 [INFO] CodeEngine:239 - oldGeneratedFile, C:\Users\nguye\OneDrive\Desktop\quang\LAB4\LAB4\MXTmpFiles\system.tmp_save
2023-11-30 18:57:19,207 [INFO] CodeEngine:257 - Generated code: C:\Users\nguye\OneDrive\Desktop\quang\LAB4\LAB4\MXTmpFiles\system.tmp
2023-11-30 18:57:19,227 [INFO] CodeEngine:239 - oldGeneratedFile, C:\Users\nguye\OneDrive\Desktop\quang\LAB4\LAB4\Core\Inc\stm32f1xx_hal_conf.h_save
2023-11-30 18:57:19,342 [INFO] CodeEngine:257 - Generated code: C:\Users\nguye\OneDrive\Desktop\quang\LAB4\LAB4\Core\Inc\stm32f1xx_hal_conf.h
2023-11-30 18:57:19,363 [WARN] IPConfigManager:3148 - IP not found : TIM
2023-11-30 18:57:19,364 [WARN] CodeGenerator:3268 - IP not found : null
2023-11-30 18:57:19,383 [INFO] CodeEngine:239 - oldGeneratedFile, C:\Users\nguye\OneDrive\Desktop\quang\LAB4\LAB4\Core\Inc\main.h_save
2023-11-30 18:57:19,485 [INFO] CodeEngine:257 - Generated code: C:\Users\nguye\OneDrive\Desktop\quang\LAB4\LAB4\Core\Inc\main.h
2023-11-30 18:57:19,500 [INFO] CodeEngine:239 - oldGeneratedFile, C:\Users\nguye\OneDrive\Desktop\quang\LAB4\LAB4\Core\Src\main.c_save
2023-11-30 18:57:19,664 [INFO] CodeEngine:257 - Generated code: C:\Users\nguye\OneDrive\Desktop\quang\LAB4\LAB4\Core\Src\main.c
2023-11-30 18:57:20,539 [INFO] ProjectBuilder:2578 - Time for Copy HAL[1] : 83mS.
2023-11-30 18:57:20,544 [INFO] ProjectBuilder:3622 - Project Generator version: 3.14.1
2023-11-30 18:57:21,085 [INFO] ConfigFileManager:1271 - The Die is : DIE412
2023-11-30 18:57:23,576 [INFO] ProjectBuilder:3789 - Time for Generating toolchain IDE Files: 3032mS.
2023-11-30 18:57:23,578 [INFO] ProjectBuilder:2457 - Time for Copy CMSIS : 1mS.
2023-11-30 18:57:23,581 [INFO] ProjectBuilder:2457 - Time for Copy CMSIS : 0mS.
2023-11-30 19:01:56,193 [INFO] UtilMem:74 - End SaveConfig() Used Memory: 855444704 Bytes (1073741824)
2023-11-30 19:01:57,338 [INFO] UtilMem:74 - End SaveConfig() Used Memory: 871699680 Bytes (1073741824)
2023-11-30 19:01:58,762 [INFO] UtilMem:74 - End SaveConfig() Used Memory: 788386928 Bytes (1073741824)
2023-11-30 19:01:59,074 [INFO] BlockDiagram:2740 - set Specific Code input for plugin: NVIC
2023-11-30 19:01:59,074 [INFO] BlockDiagram:2740 - set Specific Code input for plugin: SYS
2023-11-30 19:01:59,075 [INFO] BlockDiagram:2740 - set Specific Code input for plugin: GPIO
2023-11-30 19:01:59,075 [INFO] BlockDiagram:2740 - set Specific Code input for plugin: RCC
2023-11-30 19:01:59,075 [INFO] BlockDiagram:2740 - set Specific Code input for plugin: TIM1_8F1
2023-11-30 19:01:59,076 [INFO] CodeGenerator:663 - code generatio: config db path: C:\ST\STM32CubeIDE_1.7.0\STM32CubeIDE\plugins\com.st.stm32cube.common.mx_6.3.0.202107141111\\db\
2023-11-30 19:01:59,388 [INFO] CodeEngine:239 - oldGeneratedFile, C:\Users\nguye\OneDrive\Desktop\quang\LAB4\LAB4\MXTmpFiles\license.tmp_save
2023-11-30 19:01:59,447 [INFO] CodeEngine:257 - Generated code: C:\Users\nguye\OneDrive\Desktop\quang\LAB4\LAB4\MXTmpFiles\license.tmp
2023-11-30 19:01:59,489 [INFO] CodeEngine:239 - oldGeneratedFile, C:\Users\nguye\OneDrive\Desktop\quang\LAB4\LAB4\MXTmpFiles\gpio.tmp_save
2023-11-30 19:01:59,611 [INFO] CodeEngine:257 - Generated code: C:\Users\nguye\OneDrive\Desktop\quang\LAB4\LAB4\MXTmpFiles\gpio.tmp
2023-11-30 19:01:59,676 [INFO] CodeEngine:239 - oldGeneratedFile, C:\Users\nguye\OneDrive\Desktop\quang\LAB4\LAB4\Core\Src\stm32f1xx_it.c_save
2023-11-30 19:01:59,749 [INFO] CodeEngine:257 - Generated code: C:\Users\nguye\OneDrive\Desktop\quang\LAB4\LAB4\Core\Src\stm32f1xx_it.c
2023-11-30 19:01:59,755 [INFO] CodeEngine:239 - oldGeneratedFile, C:\Users\nguye\OneDrive\Desktop\quang\LAB4\LAB4\Core\Inc\stm32f1xx_it.h_save
2023-11-30 19:01:59,810 [INFO] CodeEngine:257 - Generated code: C:\Users\nguye\OneDrive\Desktop\quang\LAB4\LAB4\Core\Inc\stm32f1xx_it.h
2023-11-30 19:01:59,829 [INFO] CodeEngine:239 - oldGeneratedFile, C:\Users\nguye\OneDrive\Desktop\quang\LAB4\LAB4\Core\Src\stm32f1xx_hal_msp.c_save
2023-11-30 19:01:59,915 [INFO] CodeEngine:257 - Generated code: C:\Users\nguye\OneDrive\Desktop\quang\LAB4\LAB4\Core\Src\stm32f1xx_hal_msp.c
2023-11-30 19:01:59,917 [INFO] CodeEngine:239 - oldGeneratedFile, C:\Users\nguye\OneDrive\Desktop\quang\LAB4\LAB4\MXTmpFiles\system.tmp_save
2023-11-30 19:01:59,960 [INFO] CodeEngine:257 - Generated code: C:\Users\nguye\OneDrive\Desktop\quang\LAB4\LAB4\MXTmpFiles\system.tmp
2023-11-30 19:01:59,975 [INFO] CodeEngine:239 - oldGeneratedFile, C:\Users\nguye\OneDrive\Desktop\quang\LAB4\LAB4\Core\Inc\stm32f1xx_hal_conf.h_save
2023-11-30 19:02:00,052 [INFO] CodeEngine:257 - Generated code: C:\Users\nguye\OneDrive\Desktop\quang\LAB4\LAB4\Core\Inc\stm32f1xx_hal_conf.h
2023-11-30 19:02:00,073 [WARN] IPConfigManager:3148 - IP not found : TIM
2023-11-30 19:02:00,073 [WARN] CodeGenerator:3268 - IP not found : null
2023-11-30 19:02:00,089 [INFO] CodeEngine:239 - oldGeneratedFile, C:\Users\nguye\OneDrive\Desktop\quang\LAB4\LAB4\Core\Inc\main.h_save
2023-11-30 19:02:00,195 [INFO] CodeEngine:257 - Generated code: C:\Users\nguye\OneDrive\Desktop\quang\LAB4\LAB4\Core\Inc\main.h
2023-11-30 19:02:00,210 [INFO] CodeEngine:239 - oldGeneratedFile, C:\Users\nguye\OneDrive\Desktop\quang\LAB4\LAB4\Core\Src\main.c_save
2023-11-30 19:02:00,332 [INFO] CodeEngine:257 - Generated code: C:\Users\nguye\OneDrive\Desktop\quang\LAB4\LAB4\Core\Src\main.c
2023-11-30 19:02:01,100 [INFO] ProjectBuilder:2578 - Time for Copy HAL[1] : 70mS.
2023-11-30 19:02:01,104 [INFO] ProjectBuilder:3622 - Project Generator version: 3.14.1
2023-11-30 19:02:01,494 [INFO] ConfigFileManager:1271 - The Die is : DIE412
2023-11-30 19:02:03,792 [INFO] ProjectBuilder:3789 - Time for Generating toolchain IDE Files: 2688mS.
2023-11-30 19:02:03,793 [INFO] ProjectBuilder:2457 - Time for Copy CMSIS : 1mS.
2023-11-30 19:02:03,797 [INFO] ProjectBuilder:2457 - Time for Copy CMSIS : 0mS.
